<?xml version="1.0" encoding="UTF-8" ?>
<beans xmlns="http://www.springframework.org/schema/beans"
xmlns:xsi="http://www.w3.org/2001/XMLSchema-instance"
xsi:schemaLocation="http://www.springframework.org/schema/beans 
http://www.springframework.org/schema/beans/spring-beans-2.5.xsd">

<!--  引入定义的Spring配置文件 -->
<import resource="classpath:META-INF/spring/application-context.xml"/>
<import resource="classpath:META-INF/spring/application-data.xml"/>
<import resource="classpath:META-INF/spring/mongodb-context.xml"/>
<import resource="classpath:META-INF/spring/application-redis.xml"/>
</beans>

